<?xml version="1.0" encoding="UTF-8"?>
<!-- Generated by org.testng.reporters.JUnitReportReporter -->
<testsuite hostname="Home-ПК" name="com.softserve.edu.DeleteFunctionV1" tests="8" failures="0" timestamp="4 Jul 2016 14:51:39 GMT" time="98.794" errors="0">
  <testcase name="DeleteWithoutCheking" time="7.433" classname="com.softserve.edu.DeleteFunctionV1"/>
  <testcase name="DeleteAccept" time="8.767" classname="com.softserve.edu.DeleteFunctionV1"/>
  <testcase name="DeleteDismiss" time="16.462" classname="com.softserve.edu.DeleteFunctionV1"/>
  <testcase name="DeleteSomeAccept" time="18.316" classname="com.softserve.edu.DeleteFunctionV1"/>
  <testcase name="DeleteDismiss" time="8.106" classname="com.softserve.edu.DeleteFunctionV1"/>
  <testcase name="DeleteWithoutCheking" time="12.858" classname="com.softserve.edu.DeleteFunctionV1"/>
  <testcase name="DeleteSomeAccept" time="13.704" classname="com.softserve.edu.DeleteFunctionV1"/>
  <testcase name="DeleteAccept" time="13.148" classname="com.softserve.edu.DeleteFunctionV1"/>
</testsuite> <!-- com.softserve.edu.DeleteFunctionV1 -->
