<?xml version="1.0" encoding="UTF-8"?>
<!-- Generated by org.testng.reporters.JUnitReportReporter -->
<testsuite hostname="Home-ПК" name="Demo1" tests="1" failures="0" timestamp="28 Jun 2016 17:20:34 GMT" time="6.942" errors="0">
  <testcase name="EditAndRefresh" time="6.942" classname="Demo1"/>
</testsuite> <!-- Demo1 -->
