<?xml version="1.0" encoding="UTF-8"?>
<!-- Generated by org.testng.reporters.JUnitReportReporter -->
<testsuite hostname="Home-ПК" name="yaryna.com.DeleteFunctionV1" tests="8" failures="0" timestamp="3 Jul 2016 21:17:03 GMT" time="88.898" errors="0">
  <testcase name="DeleteDismiss" time="11.504" classname="yaryna.com.DeleteFunctionV1"/>
  <testcase name="DeleteDismiss" time="6.815" classname="yaryna.com.DeleteFunctionV1"/>
  <testcase name="DeleteAccept" time="7.467" classname="yaryna.com.DeleteFunctionV1"/>
  <testcase name="DeleteWithoutCheking" time="6.204" classname="yaryna.com.DeleteFunctionV1"/>
  <testcase name="DeleteAccept" time="16.323" classname="yaryna.com.DeleteFunctionV1"/>
  <testcase name="DeleteSomeAccept" time="12.757" classname="yaryna.com.DeleteFunctionV1"/>
  <testcase name="DeleteSomeAccept" time="17.295" classname="yaryna.com.DeleteFunctionV1"/>
  <testcase name="DeleteWithoutCheking" time="10.533" classname="yaryna.com.DeleteFunctionV1"/>
</testsuite> <!-- yaryna.com.DeleteFunctionV1 -->
