<?xml version="1.0" encoding="UTF-8"?>
<!-- Generated by org.testng.reporters.JUnitReportReporter -->
<testsuite hostname="Home-ПК" name="com.softserve.edu.Demo1" tests="10" failures="0" timestamp="4 Jul 2016 14:31:56 GMT" time="119.744" errors="0">
  <testcase name="EditOneChecking" time="14.949" classname="com.softserve.edu.Demo1"/>
  <testcase name="EditAndRefresh" time="8.918" classname="com.softserve.edu.Demo1"/>
  <testcase name="EditAndReturn" time="14.210" classname="com.softserve.edu.Demo1"/>
  <testcase name="EditManyChecking" time="7.499" classname="com.softserve.edu.Demo1"/>
  <testcase name="EditOneChecking" time="9.361" classname="com.softserve.edu.Demo1"/>
  <testcase name="EditAndRefresh" time="14.915" classname="com.softserve.edu.Demo1"/>
  <testcase name="EditWithoutChecking" time="15.486" classname="com.softserve.edu.Demo1"/>
  <testcase name="EditWithoutChecking" time="7.751" classname="com.softserve.edu.Demo1"/>
  <testcase name="EditAndReturn" time="14.461" classname="com.softserve.edu.Demo1"/>
  <testcase name="EditManyChecking" time="12.194" classname="com.softserve.edu.Demo1"/>
</testsuite> <!-- com.softserve.edu.Demo1 -->
