<?xml version="1.0" encoding="UTF-8"?>
<!-- Generated by org.testng.reporters.JUnitReportReporter -->
<testsuite hostname="Home-ПК" name="yaryna.com.Demo1" tests="10" failures="0" timestamp="3 Jul 2016 20:29:30 GMT" time="141.378" errors="0">
  <testcase name="EditAndReturn" time="12.534" classname="yaryna.com.Demo1"/>
  <testcase name="EditWithoutChecking" time="11.096" classname="yaryna.com.Demo1"/>
  <testcase name="EditOneChecking" time="15.053" classname="yaryna.com.Demo1"/>
  <testcase name="EditAndRefresh" time="26.939" classname="yaryna.com.Demo1"/>
  <testcase name="EditWithoutChecking" time="9.662" classname="yaryna.com.Demo1"/>
  <testcase name="EditAndRefresh" time="13.110" classname="yaryna.com.Demo1"/>
  <testcase name="EditOneChecking" time="9.764" classname="yaryna.com.Demo1"/>
  <testcase name="EditAndReturn" time="15.914" classname="yaryna.com.Demo1"/>
  <testcase name="EditManyChecking" time="9.851" classname="yaryna.com.Demo1"/>
  <testcase name="EditManyChecking" time="17.455" classname="yaryna.com.Demo1"/>
</testsuite> <!-- yaryna.com.Demo1 -->
